# JRE version: OpenJDK Runtime Environment (11.0.12+7) (build 11.0.12+7-b1504.28-7817840)
# Java VM: OpenJDK 64-Bit Server VM (11.0.12+7-b1504.28-7817840, mixed mode, tiered, compressed oops, g1 gc, windows-amd64)
Heap:
 garbage-first heap   total 260096K, used 107357K [0x0000000080000000, 0x0000000100000000)
  region size 1024K, 18 young (18432K), 11 survivors (11264K)
 Metaspace       used 100109K, capacity 102419K, committed 102784K, reserved 1138688K
  class space    used 12799K, capacity 13616K, committed 13696K, reserved 1048576K
GC Heap History (20 events):
Event: 54.299 GC heap before
{Heap before GC invocations=9 (full 0):
 garbage-first heap   total 260096K, used 176232K [0x0000000080000000, 0x0000000100000000)
  region size 1024K, 152 young (155648K), 17 survivors (17408K)
 Metaspace       used 56003K, capacity 57417K, committed 57600K, reserved 1099776K
  class space    used 7112K, capacity 7597K, committed 7680K, reserved 1048576K
}
Event: 54.336 GC heap after
{Heap after GC invocations=10 (full 0):
 garbage-first heap   total 260096K, used 51837K [0x0000000080000000, 0x0000000100000000)
  region size 1024K, 19 young (19456K), 19 survivors (19456K)
 Metaspace       used 56003K, capacity 57417K, committed 57600K, reserved 1099776K
  class space    used 7112K, capacity 7597K, committed 7680K, reserved 1048576K
}
Event: 56.262 GC heap before
{Heap before GC invocations=10 (full 0):
 garbage-first heap   total 260096K, used 67197K [0x0000000080000000, 0x0000000100000000)
  region size 1024K, 35 young (35840K), 19 survivors (19456K)
 Metaspace       used 58464K, capacity 59816K, committed 59904K, reserved 1101824K
  class space    used 7356K, capacity 7864K, committed 7936K, reserved 1048576K
}
Event: 56.294 GC heap after
{Heap after GC invocations=11 (full 0):
 garbage-first heap   total 260096K, used 53787K [0x0000000080000000, 0x0000000100000000)
  region size 1024K, 2 young (2048K), 2 survivors (2048K)
 Metaspace       used 58464K, capacity 59816K, committed 59904K, reserved 1101824K
  class space    used 7356K, capacity 7864K, committed 7936K, reserved 1048576K
}
Event: 62.452 GC heap before
{Heap before GC invocations=12 (full 0):
 garbage-first heap   total 260096K, used 140827K [0x0000000080000000, 0x0000000100000000)
  region size 1024K, 87 young (89088K), 2 survivors (2048K)
 Metaspace       used 67202K, capacity 68702K, committed 68992K, reserved 1110016K
  class space    used 8477K, capacity 9042K, committed 9088K, reserved 1048576K
}
Event: 62.470 GC heap after
{Heap after GC invocations=13 (full 0):
 garbage-first heap   total 260096K, used 58743K [0x0000000080000000, 0x0000000100000000)
  region size 1024K, 7 young (7168K), 7 survivors (7168K)
 Metaspace       used 67202K, capacity 68702K, committed 68992K, reserved 1110016K
  class space    used 8477K, capacity 9042K, committed 9088K, reserved 1048576K
}
Event: 67.044 GC heap before
{Heap before GC invocations=13 (full 0):
 garbage-first heap   total 260096K, used 151927K [0x0000000080000000, 0x0000000100000000)
  region size 1024K, 98 young (100352K), 7 survivors (7168K)
 Metaspace       used 72665K, capacity 74308K, committed 74368K, reserved 1114112K
  class space    used 9234K, capacity 9841K, committed 9856K, reserved 1048576K
}
Event: 67.064 GC heap after
{Heap after GC invocations=14 (full 0):
 garbage-first heap   total 260096K, used 64767K [0x0000000080000000, 0x0000000100000000)
  region size 1024K, 13 young (13312K), 13 survivors (13312K)
 Metaspace       used 72665K, capacity 74308K, committed 74368K, reserved 1114112K
  class space    used 9234K, capacity 9841K, committed 9856K, reserved 1048576K
}
Event: 72.559 GC heap before
{Heap before GC invocations=14 (full 0):
 garbage-first heap   total 260096K, used 162047K [0x0000000080000000, 0x0000000100000000)
  region size 1024K, 108 young (110592K), 13 survivors (13312K)
 Metaspace       used 81554K, capacity 83286K, committed 83456K, reserved 1122304K
  class space    used 10541K, capacity 11203K, committed 11264K, reserved 1048576K
}
Event: 72.587 GC heap after
{Heap after GC invocations=15 (full 0):
 garbage-first heap   total 260096K, used 71025K [0x0000000080000000, 0x0000000100000000)
  region size 1024K, 13 young (13312K), 13 survivors (13312K)
 Metaspace       used 81554K, capacity 83286K, committed 83456K, reserved 1122304K
  class space    used 10541K, capacity 11203K, committed 11264K, reserved 1048576K
}
Event: 79.012 GC heap before
{Heap before GC invocations=15 (full 0):
 garbage-first heap   total 260096K, used 170353K [0x0000000080000000, 0x0000000100000000)
  region size 1024K, 111 young (113664K), 13 survivors (13312K)
 Metaspace       used 89419K, capacity 91672K, committed 91776K, reserved 1128448K
  class space    used 11556K, capacity 12395K, committed 12416K, reserved 1048576K
}
Event: 79.045 GC heap after
{Heap after GC invocations=16 (full 0):
 garbage-first heap   total 260096K, used 79695K [0x0000000080000000, 0x0000000100000000)
  region size 1024K, 14 young (14336K), 14 survivors (14336K)
 Metaspace       used 89419K, capacity 91672K, committed 91776K, reserved 1128448K
  class space    used 11556K, capacity 12395K, committed 12416K, reserved 1048576K
}
Event: 85.630 GC heap before
{Heap before GC invocations=16 (full 0):
 garbage-first heap   total 260096K, used 179023K [0x0000000080000000, 0x0000000100000000)
  region size 1024K, 112 young (114688K), 14 survivors (14336K)
 Metaspace       used 90398K, capacity 92579K, committed 92672K, reserved 1130496K
  class space    used 11608K, capacity 12455K, committed 12544K, reserved 1048576K
}
Event: 85.683 GC heap after
{Heap after GC invocations=17 (full 0):
 garbage-first heap   total 260096K, used 89029K [0x0000000080000000, 0x0000000100000000)
  region size 1024K, 10 young (10240K), 10 survivors (10240K)
 Metaspace       used 90398K, capacity 92579K, committed 92672K, reserved 1130496K
  class space    used 11608K, capacity 12455K, committed 12544K, reserved 1048576K
}
Event: 91.197 GC heap before
{Heap before GC invocations=17 (full 0):
 garbage-first heap   total 260096K, used 186309K [0x0000000080000000, 0x0000000100000000)
  region size 1024K, 106 young (108544K), 10 survivors (10240K)
 Metaspace       used 93495K, capacity 95756K, committed 95872K, reserved 1132544K
  class space    used 12024K, capacity 12856K, committed 12928K, reserved 1048576K
}
Event: 91.220 GC heap after
{Heap after GC invocations=18 (full 0):
 garbage-first heap   total 260096K, used 93696K [0x0000000080000000, 0x0000000100000000)
  region size 1024K, 7 young (7168K), 7 survivors (7168K)
 Metaspace       used 93495K, capacity 95756K, committed 95872K, reserved 1132544K
  class space    used 12024K, capacity 12856K, committed 12928K, reserved 1048576K
}
Event: 100.272 GC heap before
{Heap before GC invocations=18 (full 0):
 garbage-first heap   total 260096K, used 161280K [0x0000000080000000, 0x0000000100000000)
  region size 1024K, 75 young (76800K), 7 survivors (7168K)
 Metaspace       used 97886K, capacity 100127K, committed 100224K, reserved 1136640K
  class space    used 12549K, capacity 13373K, committed 13440K, reserved 1048576K
}
Event: 100.300 GC heap after
{Heap after GC invocations=19 (full 0):
 garbage-first heap   total 260096K, used 98030K [0x0000000080000000, 0x0000000100000000)
  region size 1024K, 12 young (12288K), 12 survivors (12288K)
 Metaspace       used 97886K, capacity 100127K, committed 100224K, reserved 1136640K
  class space    used 12549K, capacity 13373K, committed 13440K, reserved 1048576K
}
Event: 110.381 GC heap before
{Heap before GC invocations=20 (full 0):
 garbage-first heap   total 260096K, used 189166K [0x0000000080000000, 0x0000000100000000)
  region size 1024K, 102 young (104448K), 12 survivors (12288K)
 Metaspace       used 99230K, capacity 101550K, committed 102016K, reserved 1138688K
  class space    used 12694K, capacity 13539K, committed 13696K, reserved 1048576K
}
Event: 110.412 GC heap after
{Heap after GC invocations=21 (full 0):
 garbage-first heap   total 260096K, used 102237K [0x0000000080000000, 0x0000000100000000)
  region size 1024K, 11 young (11264K), 11 survivors (11264K)
 Metaspace       used 99230K, capacity 101550K, committed 102016K, reserved 1138688K
  class space    used 12694K, capacity 13539K, committed 13696K, reserved 1048576K
}

