# JRE version: OpenJDK Runtime Environment (11.0.12+7) (build 11.0.12+7-b1504.28-7817840)
# Java VM: OpenJDK 64-Bit Server VM (11.0.12+7-b1504.28-7817840, mixed mode, tiered, compressed oops, g1 gc, windows-amd64)
Heap:
 garbage-first heap   total 260096K, used 198357K [0x0000000080000000, 0x0000000100000000)
  region size 1024K, 21 young (21504K), 5 survivors (5120K)
 Metaspace       used 152462K, capacity 157276K, committed 157524K, reserved 1185792K
  class space    used 19120K, capacity 20857K, committed 20940K, reserved 1048576K
GC Heap History (20 events):
Event: 1647.395 GC heap before
{Heap before GC invocations=57 (full 0):
 garbage-first heap   total 260096K, used 215792K [0x0000000080000000, 0x0000000100000000)
  region size 1024K, 31 young (31744K), 2 survivors (2048K)
 Metaspace       used 149089K, capacity 153692K, committed 153940K, reserved 1183744K
  class space    used 18806K, capacity 20506K, committed 20684K, reserved 1048576K
}
Event: 1647.401 GC heap after
{Heap after GC invocations=58 (full 0):
 garbage-first heap   total 260096K, used 186203K [0x0000000080000000, 0x0000000100000000)
  region size 1024K, 3 young (3072K), 3 survivors (3072K)
 Metaspace       used 149089K, capacity 153692K, committed 153940K, reserved 1183744K
  class space    used 18806K, capacity 20506K, committed 20684K, reserved 1048576K
}
Event: 1649.376 GC heap before
{Heap before GC invocations=58 (full 0):
 garbage-first heap   total 260096K, used 213851K [0x0000000080000000, 0x0000000100000000)
  region size 1024K, 32 young (32768K), 3 survivors (3072K)
 Metaspace       used 151264K, capacity 155946K, committed 156244K, reserved 1185792K
  class space    used 19060K, capacity 20777K, committed 20940K, reserved 1048576K
}
Event: 1649.388 GC heap after
{Heap after GC invocations=59 (full 0):
 garbage-first heap   total 260096K, used 188370K [0x0000000080000000, 0x0000000100000000)
  region size 1024K, 5 young (5120K), 5 survivors (5120K)
 Metaspace       used 151264K, capacity 155946K, committed 156244K, reserved 1185792K
  class space    used 19060K, capacity 20777K, committed 20940K, reserved 1048576K
}
Event: 1784.742 GC heap before
{Heap before GC invocations=60 (full 0):
 garbage-first heap   total 260096K, used 228306K [0x0000000080000000, 0x0000000100000000)
  region size 1024K, 34 young (34816K), 5 survivors (5120K)
 Metaspace       used 151804K, capacity 156624K, committed 157012K, reserved 1185792K
  class space    used 19113K, capacity 20844K, committed 20940K, reserved 1048576K
}
Event: 1784.756 GC heap after
{Heap after GC invocations=61 (full 0):
 garbage-first heap   total 260096K, used 190046K [0x0000000080000000, 0x0000000100000000)
  region size 1024K, 3 young (3072K), 3 survivors (3072K)
 Metaspace       used 151804K, capacity 156624K, committed 157012K, reserved 1185792K
  class space    used 19113K, capacity 20844K, committed 20940K, reserved 1048576K
}
Event: 1785.003 GC heap before
{Heap before GC invocations=61 (full 0):
 garbage-first heap   total 260096K, used 198238K [0x0000000080000000, 0x0000000100000000)
  region size 1024K, 12 young (12288K), 3 survivors (3072K)
 Metaspace       used 151820K, capacity 156637K, committed 157012K, reserved 1185792K
  class space    used 19114K, capacity 20845K, committed 20940K, reserved 1048576K
}
Event: 1785.029 GC heap after
{Heap after GC invocations=62 (full 0):
 garbage-first heap   total 260096K, used 187412K [0x0000000080000000, 0x0000000100000000)
  region size 1024K, 1 young (1024K), 1 survivors (1024K)
 Metaspace       used 151820K, capacity 156637K, committed 157012K, reserved 1185792K
  class space    used 19114K, capacity 20845K, committed 20940K, reserved 1048576K
}
Event: 1786.981 GC heap before
{Heap before GC invocations=62 (full 0):
 garbage-first heap   total 260096K, used 218132K [0x0000000080000000, 0x0000000100000000)
  region size 1024K, 32 young (32768K), 1 survivors (1024K)
 Metaspace       used 152070K, capacity 156892K, committed 157012K, reserved 1185792K
  class space    used 19120K, capacity 20857K, committed 20940K, reserved 1048576K
}
Event: 1786.999 GC heap after
{Heap after GC invocations=63 (full 0):
 garbage-first heap   total 260096K, used 192622K [0x0000000080000000, 0x0000000100000000)
  region size 1024K, 4 young (4096K), 4 survivors (4096K)
 Metaspace       used 152070K, capacity 156892K, committed 157012K, reserved 1185792K
  class space    used 19120K, capacity 20857K, committed 20940K, reserved 1048576K
}
Event: 1788.443 GC heap before
{Heap before GC invocations=63 (full 0):
 garbage-first heap   total 260096K, used 220270K [0x0000000080000000, 0x0000000100000000)
  region size 1024K, 32 young (32768K), 4 survivors (4096K)
 Metaspace       used 152146K, capacity 156980K, committed 157268K, reserved 1185792K
  class space    used 19124K, capacity 20863K, committed 20940K, reserved 1048576K
}
Event: 1788.503 GC heap after
{Heap after GC invocations=64 (full 0):
 garbage-first heap   total 260096K, used 194779K [0x0000000080000000, 0x0000000100000000)
  region size 1024K, 2 young (2048K), 2 survivors (2048K)
 Metaspace       used 152146K, capacity 156980K, committed 157268K, reserved 1185792K
  class space    used 19124K, capacity 20863K, committed 20940K, reserved 1048576K
}
Event: 1827.755 GC heap before
{Heap before GC invocations=65 (full 0):
 garbage-first heap   total 260096K, used 221403K [0x0000000080000000, 0x0000000100000000)
  region size 1024K, 29 young (29696K), 2 survivors (2048K)
 Metaspace       used 152190K, capacity 156931K, committed 157268K, reserved 1185792K
  class space    used 19109K, capacity 20838K, committed 20940K, reserved 1048576K
}
Event: 1827.771 GC heap after
{Heap after GC invocations=66 (full 0):
 garbage-first heap   total 260096K, used 197357K [0x0000000080000000, 0x0000000100000000)
  region size 1024K, 4 young (4096K), 4 survivors (4096K)
 Metaspace       used 152190K, capacity 156931K, committed 157268K, reserved 1185792K
  class space    used 19109K, capacity 20838K, committed 20940K, reserved 1048576K
}
Event: 1828.021 GC heap before
{Heap before GC invocations=66 (full 0):
 garbage-first heap   total 260096K, used 204525K [0x0000000080000000, 0x0000000100000000)
  region size 1024K, 12 young (12288K), 4 survivors (4096K)
 Metaspace       used 152193K, capacity 156931K, committed 157268K, reserved 1185792K
  class space    used 19109K, capacity 20838K, committed 20940K, reserved 1048576K
}
Event: 1828.059 GC heap after
{Heap after GC invocations=67 (full 0):
 garbage-first heap   total 260096K, used 179958K [0x0000000080000000, 0x0000000100000000)
  region size 1024K, 2 young (2048K), 2 survivors (2048K)
 Metaspace       used 152193K, capacity 156931K, committed 157268K, reserved 1185792K
  class space    used 19109K, capacity 20838K, committed 20940K, reserved 1048576K
}
Event: 1828.377 GC heap before
{Heap before GC invocations=67 (full 0):
 garbage-first heap   total 260096K, used 190198K [0x0000000080000000, 0x0000000100000000)
  region size 1024K, 12 young (12288K), 2 survivors (2048K)
 Metaspace       used 152212K, capacity 156931K, committed 157268K, reserved 1185792K
  class space    used 19109K, capacity 20838K, committed 20940K, reserved 1048576K
}
Event: 1828.402 GC heap after
{Heap after GC invocations=68 (full 0):
 garbage-first heap   total 260096K, used 181382K [0x0000000080000000, 0x0000000100000000)
  region size 1024K, 2 young (2048K), 2 survivors (2048K)
 Metaspace       used 152212K, capacity 156931K, committed 157268K, reserved 1185792K
  class space    used 19109K, capacity 20838K, committed 20940K, reserved 1048576K
}
Event: 1830.012 GC heap before
{Heap before GC invocations=68 (full 0):
 garbage-first heap   total 260096K, used 213126K [0x0000000080000000, 0x0000000100000000)
  region size 1024K, 34 young (34816K), 2 survivors (2048K)
 Metaspace       used 152429K, capacity 157261K, committed 157524K, reserved 1185792K
  class space    used 19118K, capacity 20853K, committed 20940K, reserved 1048576K
}
Event: 1830.082 GC heap after
{Heap after GC invocations=69 (full 0):
 garbage-first heap   total 260096K, used 186069K [0x0000000080000000, 0x0000000100000000)
  region size 1024K, 5 young (5120K), 5 survivors (5120K)
 Metaspace       used 152429K, capacity 157261K, committed 157524K, reserved 1185792K
  class space    used 19118K, capacity 20853K, committed 20940K, reserved 1048576K
}

